Using pre-set license
Built from '2020.3/china_unity/release' branch; Version is '2020.3.48f1c1 (06fbdfbf16e3) revision 457695'; Using compiler version '192528614'; Build Type 'Release'
OS: 'Windows 10  (10.0.19045) 64bit CoreCountrySpecific' Language: 'zh' Physical Memory: 32534 MB
BatchMode: 1, IsHumanControllingUs: 0, StartBugReporterOnCrash: 0, Is64bit: 1, IsPro: 0

COMMAND LINE ARGUMENTS:
E:\U3D\install\2020.3.48f1c1\Editor\Unity.exe
-adb2
-batchMode
-noUpm
-name
AssetImportWorker0
-projectPath
C:/Users/Amy/Desktop/LD54_1
-logFile
Logs/AssetImportWorker0.log
-srvPort
63546
Successfully changed project path to: C:/Users/Amy/Desktop/LD54_1
C:/Users/Amy/Desktop/LD54_1
Using Asset Import Pipeline V2.
Player connection [25248] Host "[IP] 192.168.50.94 [Port] 1342394656 [Flags] 2 [Guid] 1019634908 [EditorId] 1019634908 [Version] 1048832 [Id] WindowsEditor(7,LAPTOP-28FH8C6T) [Debug] 1 [PackageName] WindowsEditor [ProjectName] Editor" joined multi-casting on [225.0.0.222:54997]...

Player connection [25248] Host "[IP] 192.168.50.94 [Port] 1342394656 [Flags] 2 [Guid] 1019634908 [EditorId] 1019634908 [Version] 1048832 [Id] WindowsEditor(7,LAPTOP-28FH8C6T) [Debug] 1 [PackageName] WindowsEditor [ProjectName] Editor" joined alternative multi-casting on [225.0.0.222:34997]...

AS: AutoStreaming module initializing.Refreshing native plugins compatible for Editor in 36.46 ms, found 3 plugins.
Preloading 0 native plugins for Editor in 0.00 ms.
Initialize engine version: 2020.3.48f1c1 (06fbdfbf16e3)
[Subsystems] Discovering subsystems at path E:/U3D/install/2020.3.48f1c1/Editor/Data/Resources/UnitySubsystems
[Subsystems] Discovering subsystems at path C:/Users/Amy/Desktop/LD54_1/Assets
GfxDevice: creating device client; threaded=0
Direct3D:
    Version:  Direct3D 11.0 [level 11.1]
    Renderer: NVIDIA GeForce RTX 2060 (ID=0x1f15)
    Vendor:   
    VRAM:     5980 MB
    Driver:   30.0.15.1278
Initialize mono
Mono path[0] = 'E:/U3D/install/2020.3.48f1c1/Editor/Data/Managed'
Mono path[1] = 'E:/U3D/install/2020.3.48f1c1/Editor/Data/MonoBleedingEdge/lib/mono/unityjit'
Mono config path = 'E:/U3D/install/2020.3.48f1c1/Editor/Data/MonoBleedingEdge/etc'
Using monoOptions --debugger-agent=transport=dt_socket,embedding=1,server=y,suspend=n,address=127.0.0.1:56864
Begin MonoManager ReloadAssembly
Registering precompiled unity dll's ...
Register platform support module: E:/U3D/install/2020.3.48f1c1/Editor/Data/PlaybackEngines/WebGLSupport/UnityEditor.WebGL.Extensions.dll
Register platform support module: E:/U3D/install/2020.3.48f1c1/Editor/Data/PlaybackEngines/WindowsStandaloneSupport/UnityEditor.WindowsStandalone.Extensions.dll
Registered in 0.001157 seconds.
Native extension for WindowsStandalone target not found
Native extension for WebGL target not found
Refreshing native plugins compatible for Editor in 36.15 ms, found 3 plugins.
Preloading 0 native plugins for Editor in 0.00 ms.
Mono: successfully reloaded assembly
- Completed reload, in  0.564 seconds
Domain Reload Profiling:
	ReloadAssembly (564ms)
		BeginReloadAssembly (58ms)
			ExecutionOrderSort (0ms)
			DisableScriptedObjects (0ms)
			BackupInstance (0ms)
			ReleaseScriptingObjects (0ms)
			CreateAndSetChildDomain (1ms)
		EndReloadAssembly (431ms)
			LoadAssemblies (57ms)
			RebuildTransferFunctionScriptingTraits (0ms)
			SetupTypeCache (164ms)
			ReleaseScriptCaches (0ms)
			RebuildScriptCaches (30ms)
			SetupLoadedEditorAssemblies (151ms)
				LogAssemblyErrors (0ms)
				InitializePlatformSupportModulesInManaged (4ms)
				SetLoadedEditorAssemblies (0ms)
				RefreshPlugins (36ms)
				BeforeProcessingInitializeOnLoad (13ms)
				ProcessInitializeOnLoadAttributes (73ms)
				ProcessInitializeOnLoadMethodAttributes (24ms)
				AfterProcessingInitializeOnLoad (0ms)
				EditorAssembliesLoaded (0ms)
			ExecutionOrderSort2 (0ms)
			AwakeInstancesAfterBackupRestoration (0ms)
Platform modules already initialized, skipping
Registering precompiled user dll's ...
Registered in 0.002371 seconds.
Begin MonoManager ReloadAssembly
Native extension for WindowsStandalone target not found
Native extension for WebGL target not found
Refreshing native plugins compatible for Editor in 36.56 ms, found 3 plugins.
Preloading 0 native plugins for Editor in 0.00 ms.
Mono: successfully reloaded assembly
- Completed reload, in  1.187 seconds
Domain Reload Profiling:
	ReloadAssembly (1188ms)
		BeginReloadAssembly (139ms)
			ExecutionOrderSort (0ms)
			DisableScriptedObjects (5ms)
			BackupInstance (0ms)
			ReleaseScriptingObjects (0ms)
			CreateAndSetChildDomain (18ms)
		EndReloadAssembly (978ms)
			LoadAssemblies (93ms)
			RebuildTransferFunctionScriptingTraits (0ms)
			SetupTypeCache (272ms)
			ReleaseScriptCaches (0ms)
			RebuildScriptCaches (46ms)
			SetupLoadedEditorAssemblies (479ms)
				LogAssemblyErrors (0ms)
				InitializePlatformSupportModulesInManaged (3ms)
				SetLoadedEditorAssemblies (0ms)
				RefreshPlugins (37ms)
				BeforeProcessingInitializeOnLoad (72ms)
				ProcessInitializeOnLoadAttributes (353ms)
				ProcessInitializeOnLoadMethodAttributes (12ms)
				AfterProcessingInitializeOnLoad (2ms)
				EditorAssembliesLoaded (0ms)
			ExecutionOrderSort2 (0ms)
			AwakeInstancesAfterBackupRestoration (2ms)
Platform modules already initialized, skipping
========================================================================
Worker process is ready to serve import requests
Launched and connected shader compiler UnityShaderCompiler.exe after 0.03 seconds
Refreshing native plugins compatible for Editor in 0.39 ms, found 3 plugins.
Preloading 0 native plugins for Editor in 0.00 ms.
Unloading 2174 Unused Serialized files (Serialized files now loaded: 0)
System memory in use before: 97.6 MB.
System memory in use after: 97.7 MB.

Unloading 28 unused Assets to reduce memory usage. Loaded Objects now: 2614.
Total: 2.757200 ms (FindLiveObjects: 0.139100 ms CreateObjectMapping: 0.071700 ms MarkObjects: 2.425000 ms  DeleteObjects: 0.120800 ms)

AssetImportParameters requested are different than current active one (requested -> active):
  custom:framework-win-MediaFoundation: 216162199b28c13a410421893ffa2e32 -> 
  custom:video-decoder-ogg-theora: a1e56fd34408186e4bbccfd4996cb3dc -> 
  custom:container-muxer-webm: aa71ff27fc2769a1b78a27578f13a17b -> 
  custom:container-demuxer-webm: 4f35f7cbe854078d1ac9338744f61a02 -> 
  custom:container-demuxer-ogg: 62fdf1f143b41e24485cea50d1cbac27 -> 
  custom:video-encoder-webm-vp8: eb34c28f22e8b96e1ab97ce403110664 -> 
  custom:video-decoder-webm-vp8: 9c59270c3fd7afecdb556c50c9e8de78 -> 
  custom:audio-decoder-ogg-vorbis: bf7c407c2cedff20999df2af8eb42d56 -> 
  custom:audio-encoder-webm-vorbis: bf7c407c2cedff20999df2af8eb42d56 -> 
========================================================================
Received Import Request.
  path: Assets/Prefabs/Coin.prefab
  artifactKey: Guid(0c4b5bebdd77d154f8d4799af7543dab) Importer(815301076,1909f56bfc062723c751e8b465ee728b)
Start importing Assets/Prefabs/Coin.prefab using Guid(0c4b5bebdd77d154f8d4799af7543dab) Importer(815301076,1909f56bfc062723c751e8b465ee728b)  -> (artifact id: '8d96c5e8ce4a9e6ac6f1afca59b00186') in 0.087760 seconds 
========================================================================
Received Import Request.
  Time since last request: 84.008411 seconds.
  path: Assets/Prefabs/Coin.prefab
  artifactKey: Guid(0c4b5bebdd77d154f8d4799af7543dab) Importer(815301076,1909f56bfc062723c751e8b465ee728b)
Start importing Assets/Prefabs/Coin.prefab using Guid(0c4b5bebdd77d154f8d4799af7543dab) Importer(815301076,1909f56bfc062723c751e8b465ee728b)  -> (artifact id: '615ccf81d23e54b13dbaa3500c38300c') in 0.029535 seconds 
========================================================================
Received Import Request.
  Time since last request: 32.819147 seconds.
  path: Assets/Prefabs/Coin.prefab
  artifactKey: Guid(0c4b5bebdd77d154f8d4799af7543dab) Importer(815301076,1909f56bfc062723c751e8b465ee728b)
Start importing Assets/Prefabs/Coin.prefab using Guid(0c4b5bebdd77d154f8d4799af7543dab) Importer(815301076,1909f56bfc062723c751e8b465ee728b)  -> (artifact id: '349eb91576c8e5e24b5b8d904abd0555') in 0.011303 seconds 
========================================================================
Received Import Request.
  Time since last request: 64.672464 seconds.
  path: Assets/Prefabs/Coin.prefab
  artifactKey: Guid(0c4b5bebdd77d154f8d4799af7543dab) Importer(815301076,1909f56bfc062723c751e8b465ee728b)
Start importing Assets/Prefabs/Coin.prefab using Guid(0c4b5bebdd77d154f8d4799af7543dab) Importer(815301076,1909f56bfc062723c751e8b465ee728b)  -> (artifact id: '9b627bba7c4110886555399b2ba2b41e') in 0.012471 seconds 
========================================================================
Received Import Request.
  Time since last request: 2.181125 seconds.
  path: Assets/Prefabs/Coin.prefab
  artifactKey: Guid(0c4b5bebdd77d154f8d4799af7543dab) Importer(815301076,1909f56bfc062723c751e8b465ee728b)
Start importing Assets/Prefabs/Coin.prefab using Guid(0c4b5bebdd77d154f8d4799af7543dab) Importer(815301076,1909f56bfc062723c751e8b465ee728b)  -> (artifact id: '63512320d807c5073f8d4e2894bb76ef') in 0.009611 seconds 
========================================================================
Received Import Request.
  Time since last request: 2.810437 seconds.
  path: Assets/Prefabs/Coin.prefab
  artifactKey: Guid(0c4b5bebdd77d154f8d4799af7543dab) Importer(815301076,1909f56bfc062723c751e8b465ee728b)
Start importing Assets/Prefabs/Coin.prefab using Guid(0c4b5bebdd77d154f8d4799af7543dab) Importer(815301076,1909f56bfc062723c751e8b465ee728b)  -> (artifact id: 'cee0043a3ffd5090d0c992d0c5f3e908') in 0.013602 seconds 
========================================================================
Received Import Request.
  Time since last request: 1.603182 seconds.
  path: Assets/Prefabs/Coin.prefab
  artifactKey: Guid(0c4b5bebdd77d154f8d4799af7543dab) Importer(815301076,1909f56bfc062723c751e8b465ee728b)
Start importing Assets/Prefabs/Coin.prefab using Guid(0c4b5bebdd77d154f8d4799af7543dab) Importer(815301076,1909f56bfc062723c751e8b465ee728b)  -> (artifact id: '8f18a21c34bffea164c4b6ad6c02f232') in 0.009048 seconds 
========================================================================
Received Import Request.
  Time since last request: 5.868808 seconds.
  path: Assets/Prefabs/Coin.prefab
  artifactKey: Guid(0c4b5bebdd77d154f8d4799af7543dab) Importer(815301076,1909f56bfc062723c751e8b465ee728b)
Start importing Assets/Prefabs/Coin.prefab using Guid(0c4b5bebdd77d154f8d4799af7543dab) Importer(815301076,1909f56bfc062723c751e8b465ee728b)  -> (artifact id: 'b8ecbd6cc8e3adc13891cc339d0bf685') in 0.023040 seconds 
========================================================================
Received Import Request.
  Time since last request: 9.481317 seconds.
  path: Assets/Prefabs/Coin.prefab
  artifactKey: Guid(0c4b5bebdd77d154f8d4799af7543dab) Importer(815301076,1909f56bfc062723c751e8b465ee728b)
Start importing Assets/Prefabs/Coin.prefab using Guid(0c4b5bebdd77d154f8d4799af7543dab) Importer(815301076,1909f56bfc062723c751e8b465ee728b)  -> (artifact id: '771f32bf5cabd94395733b96568f522f') in 0.010169 seconds 
========================================================================
Received Import Request.
  Time since last request: 2.386708 seconds.
  path: Assets/Prefabs/Coin.prefab
  artifactKey: Guid(0c4b5bebdd77d154f8d4799af7543dab) Importer(815301076,1909f56bfc062723c751e8b465ee728b)
Start importing Assets/Prefabs/Coin.prefab using Guid(0c4b5bebdd77d154f8d4799af7543dab) Importer(815301076,1909f56bfc062723c751e8b465ee728b)  -> (artifact id: 'de76cbc82b3cd5a6671255c6f48a54fe') in 0.010101 seconds 
========================================================================
Received Import Request.
  Time since last request: 164.629803 seconds.
  path: Assets/Prefabs/Coin.prefab
  artifactKey: Guid(0c4b5bebdd77d154f8d4799af7543dab) Importer(815301076,1909f56bfc062723c751e8b465ee728b)
Start importing Assets/Prefabs/Coin.prefab using Guid(0c4b5bebdd77d154f8d4799af7543dab) Importer(815301076,1909f56bfc062723c751e8b465ee728b)  -> (artifact id: '2eb90b98b2ccbb722acc8b2be75ba08d') in 0.015869 seconds 
========================================================================
Received Import Request.
  Time since last request: 5.231325 seconds.
  path: Assets/Prefabs/Coin.prefab
  artifactKey: Guid(0c4b5bebdd77d154f8d4799af7543dab) Importer(815301076,1909f56bfc062723c751e8b465ee728b)
Start importing Assets/Prefabs/Coin.prefab using Guid(0c4b5bebdd77d154f8d4799af7543dab) Importer(815301076,1909f56bfc062723c751e8b465ee728b)  -> (artifact id: '8e31bcd7408e3c43e9aba25c12799271') in 0.009522 seconds 
========================================================================
Received Import Request.
  Time since last request: 10.894385 seconds.
  path: Assets/Prefabs/Coin.prefab
  artifactKey: Guid(0c4b5bebdd77d154f8d4799af7543dab) Importer(815301076,1909f56bfc062723c751e8b465ee728b)
Start importing Assets/Prefabs/Coin.prefab using Guid(0c4b5bebdd77d154f8d4799af7543dab) Importer(815301076,1909f56bfc062723c751e8b465ee728b)  -> (artifact id: 'c42322952266e78776d28cbdf51f855c') in 0.010349 seconds 
========================================================================
Received Import Request.
  Time since last request: 3.423000 seconds.
  path: Assets/Prefabs/Coin.prefab
  artifactKey: Guid(0c4b5bebdd77d154f8d4799af7543dab) Importer(815301076,1909f56bfc062723c751e8b465ee728b)
Start importing Assets/Prefabs/Coin.prefab using Guid(0c4b5bebdd77d154f8d4799af7543dab) Importer(815301076,1909f56bfc062723c751e8b465ee728b)  -> (artifact id: 'da9b9a304f8cf79a0f3a44f10a8dba8c') in 0.011038 seconds 
========================================================================
Received Import Request.
  Time since last request: 350.750445 seconds.
  path: Assets/Prefabs/block.prefab
  artifactKey: Guid(11c563eabbc50f4468799d955091f64d) Importer(815301076,1909f56bfc062723c751e8b465ee728b)
Start importing Assets/Prefabs/block.prefab using Guid(11c563eabbc50f4468799d955091f64d) Importer(815301076,1909f56bfc062723c751e8b465ee728b)  -> (artifact id: '99c30424b012283a5ca677277b01dce4') in 0.011104 seconds 
========================================================================
Received Prepare
Registering precompiled user dll's ...
Registered in 0.002034 seconds.
Begin MonoManager ReloadAssembly
Native extension for WindowsStandalone target not found
Native extension for WebGL target not found
Refreshing native plugins compatible for Editor in 0.38 ms, found 3 plugins.
Preloading 0 native plugins for Editor in 0.00 ms.
Mono: successfully reloaded assembly
- Completed reload, in  1.060 seconds
Domain Reload Profiling:
	ReloadAssembly (1060ms)
		BeginReloadAssembly (96ms)
			ExecutionOrderSort (0ms)
			DisableScriptedObjects (6ms)
			BackupInstance (0ms)
			ReleaseScriptingObjects (0ms)
			CreateAndSetChildDomain (31ms)
		EndReloadAssembly (909ms)
			LoadAssemblies (78ms)
			RebuildTransferFunctionScriptingTraits (0ms)
			SetupTypeCache (263ms)
			ReleaseScriptCaches (1ms)
			RebuildScriptCaches (41ms)
			SetupLoadedEditorAssemblies (451ms)
				LogAssemblyErrors (0ms)
				InitializePlatformSupportModulesInManaged (4ms)
				SetLoadedEditorAssemblies (0ms)
				RefreshPlugins (0ms)
				BeforeProcessingInitializeOnLoad (80ms)
				ProcessInitializeOnLoadAttributes (355ms)
				ProcessInitializeOnLoadMethodAttributes (10ms)
				AfterProcessingInitializeOnLoad (2ms)
				EditorAssembliesLoaded (0ms)
			ExecutionOrderSort2 (0ms)
			AwakeInstancesAfterBackupRestoration (2ms)
Platform modules already initialized, skipping
Refreshing native plugins compatible for Editor in 0.39 ms, found 3 plugins.
Preloading 0 native plugins for Editor in 0.00 ms.
Unloading 2163 Unused Serialized files (Serialized files now loaded: 0)
System memory in use before: 100.2 MB.
System memory in use after: 100.2 MB.

Unloading 17 unused Assets to reduce memory usage. Loaded Objects now: 2625.
Total: 2.796100 ms (FindLiveObjects: 0.133200 ms CreateObjectMapping: 0.071400 ms MarkObjects: 2.486500 ms  DeleteObjects: 0.104400 ms)

AssetImportParameters requested are different than current active one (requested -> active):
  custom:framework-win-MediaFoundation: 216162199b28c13a410421893ffa2e32 -> 
  custom:video-decoder-ogg-theora: a1e56fd34408186e4bbccfd4996cb3dc -> 
  custom:container-muxer-webm: aa71ff27fc2769a1b78a27578f13a17b -> 
  custom:container-demuxer-webm: 4f35f7cbe854078d1ac9338744f61a02 -> 
  custom:container-demuxer-ogg: 62fdf1f143b41e24485cea50d1cbac27 -> 
  custom:video-encoder-webm-vp8: eb34c28f22e8b96e1ab97ce403110664 -> 
  custom:video-decoder-webm-vp8: 9c59270c3fd7afecdb556c50c9e8de78 -> 
  custom:audio-decoder-ogg-vorbis: bf7c407c2cedff20999df2af8eb42d56 -> 
  custom:audio-encoder-webm-vorbis: bf7c407c2cedff20999df2af8eb42d56 -> 
AssetImportWorkerClient::OnTransportError - code=2 error=End of file
